[2026-03-10 20:04:57] Inicio crear_etiqueta
[2026-03-10 20:04:57] Nombre recibido: 'Ramen'
[2026-03-10 20:11:26] Inicio crear_etiqueta
[2026-03-10 20:11:26] Nombre recibido: 'Ramen'
[2026-03-10 20:15:21] Inicio crear_etiqueta
[2026-03-10 20:15:21] Nombre recibido: 'Ramen'
[2026-03-10 20:15:21] Etiqueta creada con ID 1
[2026-03-10 20:15:28] Inicio crear_etiqueta
[2026-03-10 20:15:28] Nombre recibido: 'buenas'
[2026-03-10 20:15:28] Etiqueta creada con ID 2
[2026-03-10 20:15:33] Inicio crear_etiqueta
[2026-03-10 20:15:33] Nombre recibido: 'cebolla'
[2026-03-10 20:15:33] Etiqueta creada con ID 3
[2026-03-10 20:16:21] Inicio crear_etiqueta
[2026-03-10 20:16:21] Nombre recibido: 'Ramen2'
[2026-03-10 20:16:21] Etiqueta creada con ID 4
[2026-03-10 20:16:53] Inicio crear_etiqueta
[2026-03-10 20:16:53] Nombre recibido: 'taco'
[2026-03-10 20:16:53] Etiqueta creada con ID 5
[2026-03-10 20:17:19] Inicio crear_etiqueta
[2026-03-10 20:17:19] Nombre recibido: 'puto'
[2026-03-10 20:17:19] Etiqueta creada con ID 6
